<?xml version="1.0" encoding="UTF-8"?>
<testsuite xmlns:xsi="http://www.w3.org/2001/XMLSchema-instance" xsi:noNamespaceSchemaLocation="https://maven.apache.org/surefire/maven-surefire-plugin/xsd/surefire-test-report-3.0.xsd" version="3.0" name="com.playwrightdemo.testtest" time="8.034" tests="1" errors="1" skipped="0" failures="0">
  <properties>
    <property name="java.specification.version" value="24"/>
    <property name="sun.jnu.encoding" value="UTF-8"/>
    <property name="java.class.path" value="/Users/izzyz/blogfolio-playwright/playwright-demo/target/test-classes:/Users/izzyz/blogfolio-playwright/playwright-demo/target/classes:/Users/izzyz/.m2/repository/junit/junit/4.13.2/junit-4.13.2.jar:/Users/izzyz/.m2/repository/org/hamcrest/hamcrest-core/1.3/hamcrest-core-1.3.jar:/Users/izzyz/.m2/repository/com/microsoft/playwright/playwright/1.56.0/playwright-1.56.0.jar:/Users/izzyz/.m2/repository/com/google/code/gson/gson/2.13.2/gson-2.13.2.jar:/Users/izzyz/.m2/repository/com/google/errorprone/error_prone_annotations/2.41.0/error_prone_annotations-2.41.0.jar:/Users/izzyz/.m2/repository/org/opentest4j/opentest4j/1.3.0/opentest4j-1.3.0.jar:/Users/izzyz/.m2/repository/com/microsoft/playwright/driver-bundle/1.56.0/driver-bundle-1.56.0.jar:/Users/izzyz/.m2/repository/com/microsoft/playwright/driver/1.56.0/driver-1.56.0.jar:/Users/izzyz/.m2/repository/org/junit/jupiter/junit-jupiter-engine/6.0.0/junit-jupiter-engine-6.0.0.jar:/Users/izzyz/.m2/repository/org/junit/platform/junit-platform-engine/6.0.0/junit-platform-engine-6.0.0.jar:/Users/izzyz/.m2/repository/org/junit/platform/junit-platform-commons/6.0.0/junit-platform-commons-6.0.0.jar:/Users/izzyz/.m2/repository/org/junit/jupiter/junit-jupiter-api/6.0.0/junit-jupiter-api-6.0.0.jar:/Users/izzyz/.m2/repository/org/apiguardian/apiguardian-api/1.1.2/apiguardian-api-1.1.2.jar:/Users/izzyz/.m2/repository/org/jspecify/jspecify/1.0.0/jspecify-1.0.0.jar:"/>
    <property name="java.vm.vendor" value="Homebrew"/>
    <property name="sun.arch.data.model" value="64"/>
    <property name="java.vendor.url" value="https://github.com/Homebrew/homebrew-core/issues"/>
    <property name="user.timezone" value="America/Chicago"/>
    <property name="os.name" value="Mac OS X"/>
    <property name="java.vm.specification.version" value="24"/>
    <property name="sun.java.launcher" value="SUN_STANDARD"/>
    <property name="user.country" value="US"/>
    <property name="sun.boot.library.path" value="/opt/homebrew/Cellar/openjdk/24.0.2/libexec/openjdk.jdk/Contents/Home/lib"/>
    <property name="sun.java.command" value="/Users/izzyz/blogfolio-playwright/playwright-demo/target/surefire/surefirebooter-20251031132431821_3.jar /Users/izzyz/blogfolio-playwright/playwright-demo/target/surefire 2025-10-31T13-24-31_787-jvmRun1 surefire-20251031132431821_1tmp surefire_0-20251031132431821_2tmp"/>
    <property name="http.nonProxyHosts" value="local|*.local|169.254/16|*.169.254/16"/>
    <property name="jdk.debug" value="release"/>
    <property name="test" value="testtest#codegen_landingPageLinks"/>
    <property name="surefire.test.class.path" value="/Users/izzyz/blogfolio-playwright/playwright-demo/target/test-classes:/Users/izzyz/blogfolio-playwright/playwright-demo/target/classes:/Users/izzyz/.m2/repository/junit/junit/4.13.2/junit-4.13.2.jar:/Users/izzyz/.m2/repository/org/hamcrest/hamcrest-core/1.3/hamcrest-core-1.3.jar:/Users/izzyz/.m2/repository/com/microsoft/playwright/playwright/1.56.0/playwright-1.56.0.jar:/Users/izzyz/.m2/repository/com/google/code/gson/gson/2.13.2/gson-2.13.2.jar:/Users/izzyz/.m2/repository/com/google/errorprone/error_prone_annotations/2.41.0/error_prone_annotations-2.41.0.jar:/Users/izzyz/.m2/repository/org/opentest4j/opentest4j/1.3.0/opentest4j-1.3.0.jar:/Users/izzyz/.m2/repository/com/microsoft/playwright/driver-bundle/1.56.0/driver-bundle-1.56.0.jar:/Users/izzyz/.m2/repository/com/microsoft/playwright/driver/1.56.0/driver-1.56.0.jar:/Users/izzyz/.m2/repository/org/junit/jupiter/junit-jupiter-engine/6.0.0/junit-jupiter-engine-6.0.0.jar:/Users/izzyz/.m2/repository/org/junit/platform/junit-platform-engine/6.0.0/junit-platform-engine-6.0.0.jar:/Users/izzyz/.m2/repository/org/junit/platform/junit-platform-commons/6.0.0/junit-platform-commons-6.0.0.jar:/Users/izzyz/.m2/repository/org/junit/jupiter/junit-jupiter-api/6.0.0/junit-jupiter-api-6.0.0.jar:/Users/izzyz/.m2/repository/org/apiguardian/apiguardian-api/1.1.2/apiguardian-api-1.1.2.jar:/Users/izzyz/.m2/repository/org/jspecify/jspecify/1.0.0/jspecify-1.0.0.jar:"/>
    <property name="sun.cpu.endian" value="little"/>
    <property name="user.home" value="/Users/izzyz"/>
    <property name="user.language" value="en"/>
    <property name="java.specification.vendor" value="Oracle Corporation"/>
    <property name="java.version.date" value="2025-07-15"/>
    <property name="java.home" value="/opt/homebrew/Cellar/openjdk/24.0.2/libexec/openjdk.jdk/Contents/Home"/>
    <property name="file.separator" value="/"/>
    <property name="basedir" value="/Users/izzyz/blogfolio-playwright/playwright-demo"/>
    <property name="java.vm.compressedOopsMode" value="Zero based"/>
    <property name="line.separator" value="&#10;"/>
    <property name="java.vm.specification.vendor" value="Oracle Corporation"/>
    <property name="java.specification.name" value="Java Platform API Specification"/>
    <property name="apple.awt.application.name" value="ForkedBooter"/>
    <property name="surefire.real.class.path" value="/Users/izzyz/blogfolio-playwright/playwright-demo/target/surefire/surefirebooter-20251031132431821_3.jar"/>
    <property name="sun.management.compiler" value="HotSpot 64-Bit Tiered Compilers"/>
    <property name="ftp.nonProxyHosts" value="local|*.local|169.254/16|*.169.254/16"/>
    <property name="java.runtime.version" value="24.0.2"/>
    <property name="user.name" value="izzyz"/>
    <property name="stdout.encoding" value="UTF-8"/>
    <property name="path.separator" value=":"/>
    <property name="os.version" value="15.6"/>
    <property name="java.runtime.name" value="OpenJDK Runtime Environment"/>
    <property name="file.encoding" value="UTF-8"/>
    <property name="java.vm.name" value="OpenJDK 64-Bit Server VM"/>
    <property name="java.vendor.version" value="Homebrew"/>
    <property name="localRepository" value="/Users/izzyz/.m2/repository"/>
    <property name="java.vendor.url.bug" value="https://github.com/Homebrew/homebrew-core/issues"/>
    <property name="java.io.tmpdir" value="/var/folders/hx/dh2nlrvs3cs2c1xnwf_7rfbm0000gn/T/"/>
    <property name="java.version" value="24.0.2"/>
    <property name="user.dir" value="/Users/izzyz/blogfolio-playwright/playwright-demo"/>
    <property name="os.arch" value="aarch64"/>
    <property name="java.vm.specification.name" value="Java Virtual Machine Specification"/>
    <property name="native.encoding" value="UTF-8"/>
    <property name="java.library.path" value="/Users/izzyz/Library/Java/Extensions:/Library/Java/Extensions:/Network/Library/Java/Extensions:/System/Library/Java/Extensions:/usr/lib/java:."/>
    <property name="java.vm.info" value="mixed mode, sharing"/>
    <property name="stderr.encoding" value="UTF-8"/>
    <property name="java.vendor" value="Homebrew"/>
    <property name="java.vm.version" value="24.0.2"/>
    <property name="sun.io.unicode.encoding" value="UnicodeBig"/>
    <property name="socksNonProxyHosts" value="local|*.local|169.254/16|*.169.254/16"/>
    <property name="java.class.version" value="68.0"/>
  </properties>
  <testcase name="codegen_landingPageLinks" classname="com.playwrightdemo.testtest" time="5.763">
    <error message="Error {&#10;  message=&apos;net::ERR_ABORTED; maybe frame was detached?&#10;  name=&apos;Error&#10;  stack=&apos;Error: net::ERR_ABORTED; maybe frame was detached?&#10;    at FrameManager.frameAbortedNavigation (/private/var/folders/hx/dh2nlrvs3cs2c1xnwf_7rfbm0000gn/T/playwright-java-5912040222225241953/package/lib/server/frames.js:206:14)&#10;    at FrameManager.requestFailed (/private/var/folders/hx/dh2nlrvs3cs2c1xnwf_7rfbm0000gn/T/playwright-java-5912040222225241953/package/lib/server/frames.js:257:12)&#10;    at CRNetworkManager._onLoadingFailed (/private/var/folders/hx/dh2nlrvs3cs2c1xnwf_7rfbm0000gn/T/playwright-java-5912040222225241953/package/lib/server/chromium/crNetworkManager.js:461:55)&#10;    at CRSession.emit (node:events:519:28)&#10;    at /private/var/folders/hx/dh2nlrvs3cs2c1xnwf_7rfbm0000gn/T/playwright-java-5912040222225241953/package/lib/server/chromium/crConnection.js:138:14&#10;}&#10;Call log:&#10;-   - waiting for navigation until &quot;load&quot;&#10;" type="com.microsoft.playwright.PlaywrightException"><![CDATA[com.microsoft.playwright.PlaywrightException: 
Error {
  message='net::ERR_ABORTED; maybe frame was detached?
  name='Error
  stack='Error: net::ERR_ABORTED; maybe frame was detached?
    at FrameManager.frameAbortedNavigation (/private/var/folders/hx/dh2nlrvs3cs2c1xnwf_7rfbm0000gn/T/playwright-java-5912040222225241953/package/lib/server/frames.js:206:14)
    at FrameManager.requestFailed (/private/var/folders/hx/dh2nlrvs3cs2c1xnwf_7rfbm0000gn/T/playwright-java-5912040222225241953/package/lib/server/frames.js:257:12)
    at CRNetworkManager._onLoadingFailed (/private/var/folders/hx/dh2nlrvs3cs2c1xnwf_7rfbm0000gn/T/playwright-java-5912040222225241953/package/lib/server/chromium/crNetworkManager.js:461:55)
    at CRSession.emit (node:events:519:28)
    at /private/var/folders/hx/dh2nlrvs3cs2c1xnwf_7rfbm0000gn/T/playwright-java-5912040222225241953/package/lib/server/chromium/crConnection.js:138:14
}
Call log:
-   - waiting for navigation until "load"

	at com.microsoft.playwright.impl.WaitableResult.get(WaitableResult.java:56)
	at com.microsoft.playwright.impl.ChannelOwner.runUntil(ChannelOwner.java:138)
	at com.microsoft.playwright.impl.Connection.sendMessage(Connection.java:131)
	at com.microsoft.playwright.impl.ChannelOwner.sendMessage(ChannelOwner.java:124)
	at com.microsoft.playwright.impl.PageImpl.goBackImpl(PageImpl.java:899)
	at com.microsoft.playwright.impl.PageImpl.goBack(PageImpl.java:891)
	at com.microsoft.playwright.Page.goBack(Page.java:5412)
	at com.playwrightdemo.testtest.codegen_landingPageLinks(Example.java:48)
Caused by: com.microsoft.playwright.impl.DriverException: Error {
  message='net::ERR_ABORTED; maybe frame was detached?
  name='Error
  stack='Error: net::ERR_ABORTED; maybe frame was detached?
    at FrameManager.frameAbortedNavigation (/private/var/folders/hx/dh2nlrvs3cs2c1xnwf_7rfbm0000gn/T/playwright-java-5912040222225241953/package/lib/server/frames.js:206:14)
    at FrameManager.requestFailed (/private/var/folders/hx/dh2nlrvs3cs2c1xnwf_7rfbm0000gn/T/playwright-java-5912040222225241953/package/lib/server/frames.js:257:12)
    at CRNetworkManager._onLoadingFailed (/private/var/folders/hx/dh2nlrvs3cs2c1xnwf_7rfbm0000gn/T/playwright-java-5912040222225241953/package/lib/server/chromium/crNetworkManager.js:461:55)
    at CRSession.emit (node:events:519:28)
    at /private/var/folders/hx/dh2nlrvs3cs2c1xnwf_7rfbm0000gn/T/playwright-java-5912040222225241953/package/lib/server/chromium/crConnection.js:138:14
}
Call log:
-   - waiting for navigation until "load"

	at com.microsoft.playwright.impl.Connection.dispatch(Connection.java:262)
	at com.microsoft.playwright.impl.Connection.processOneMessage(Connection.java:214)
	at com.microsoft.playwright.impl.ChannelOwner.runUntil(ChannelOwner.java:136)
	... 6 more
]]></error>
    <system-out><![CDATA[http://localhost:3000/
]]></system-out>
  </testcase>
</testsuite>